c:\users\jumpi\onedrive\desktop\c++_stud\drill\chap_4\chap_4\x64\debug\vc143.pdb
c:\users\jumpi\onedrive\desktop\c++_stud\drill\chap_4\chap_4\x64\debug\vc143.idb
c:\users\jumpi\onedrive\desktop\c++_stud\drill\chap_4\chap_4\x64\debug\main_7.obj
c:\users\jumpi\onedrive\desktop\c++_stud\drill\chap_4\chap_4\x64\debug\main_9.obj
c:\users\jumpi\onedrive\desktop\c++_stud\drill\chap_4\chap_4\x64\debug\main_11.obj
c:\users\jumpi\onedrive\desktop\c++_stud\drill\chap_4\chap_4\x64\debug\main_6.obj
c:\users\jumpi\onedrive\desktop\c++_stud\drill\chap_4\x64\debug\chap_4.exe
c:\users\jumpi\onedrive\desktop\c++_stud\drill\chap_4\chap_4\x64\debug\chap_4.ilk
c:\users\jumpi\onedrive\desktop\c++_stud\drill\chap_4\x64\debug\chap_4.pdb
c:\users\jumpi\onedrive\desktop\c++_stud\drill\chap_4\chap_4\x64\debug\main_1.obj
c:\users\jumpi\onedrive\desktop\c++_stud\drill\chap_4\chap_4\x64\debug\main_10.obj
c:\users\jumpi\onedrive\desktop\c++_stud\drill\chap_4\chap_4\x64\debug\main_2.obj
c:\users\jumpi\onedrive\desktop\c++_stud\drill\chap_4\chap_4\x64\debug\main_3.obj
c:\users\jumpi\onedrive\desktop\c++_stud\drill\chap_4\chap_4\x64\debug\main_4.obj
c:\users\jumpi\onedrive\desktop\c++_stud\drill\chap_4\chap_4\x64\debug\main_5.obj
c:\users\jumpi\onedrive\desktop\c++_stud\drill\chap_4\chap_4\x64\debug\main_8.obj
c:\users\jumpi\onedrive\desktop\c++_stud\drill\chap_4\chap_4\x64\debug\chap_4.tlog\cl.command.1.tlog
c:\users\jumpi\onedrive\desktop\c++_stud\drill\chap_4\chap_4\x64\debug\chap_4.tlog\cl.items.tlog
c:\users\jumpi\onedrive\desktop\c++_stud\drill\chap_4\chap_4\x64\debug\chap_4.tlog\cl.read.1.tlog
c:\users\jumpi\onedrive\desktop\c++_stud\drill\chap_4\chap_4\x64\debug\chap_4.tlog\cl.write.1.tlog
c:\users\jumpi\onedrive\desktop\c++_stud\drill\chap_4\chap_4\x64\debug\chap_4.tlog\link.command.1.tlog
c:\users\jumpi\onedrive\desktop\c++_stud\drill\chap_4\chap_4\x64\debug\chap_4.tlog\link.read.1.tlog
c:\users\jumpi\onedrive\desktop\c++_stud\drill\chap_4\chap_4\x64\debug\chap_4.tlog\link.write.1.tlog
